2024-01-30 20:46:52,143 - basehttp.py\log_message[line:154] - INFO: "POST /account/login/ HTTP/1.1" 302 0
2024-01-30 20:46:52,166 - basehttp.py\log_message[line:154] - INFO: "GET /account/login/ HTTP/1.1" 200 69461
2024-01-30 20:46:52,260 - basehttp.py\log_message[line:154] - WARNING: "GET /wp-content/languages/plugins/jetpack-zh_CN-2830d0baff716a2e4109fd6df428a8a8.json?minify=false&ver=cd1953e27d96b3ba0ce2 HTTP/1.1" 404 4667
2024-01-30 20:46:52,263 - basehttp.py\log_message[line:154] - WARNING: "GET /static/js/hs_base/lottie-player.js.map HTTP/1.1" 404 1717
2024-01-30 20:46:52,301 - basehttp.py\log_message[line:154] - WARNING: "GET /static/js/scripts/114.min.js HTTP/1.1" 404 1687
2024-01-30 20:46:52,301 - basehttp.py\log_message[line:154] - WARNING: "GET /static/js/scripts/90.min.js HTTP/1.1" 404 1684
2024-01-30 20:46:52,304 - basehttp.py\log_message[line:154] - WARNING: "GET /static/js/scripts/747.min.js HTTP/1.1" 404 1687
2024-01-30 20:47:41,080 - basehttp.py\log_message[line:154] - INFO: "GET /account/login/ HTTP/1.1" 200 69461
2024-01-30 20:47:41,203 - basehttp.py\log_message[line:154] - WARNING: "GET /wp-content/languages/plugins/jetpack-zh_CN-2830d0baff716a2e4109fd6df428a8a8.json?minify=false&ver=cd1953e27d96b3ba0ce2 HTTP/1.1" 404 4667
2024-01-30 20:47:41,228 - basehttp.py\log_message[line:154] - WARNING: "GET /static/js/scripts/114.min.js HTTP/1.1" 404 1687
2024-01-30 20:47:41,231 - basehttp.py\log_message[line:154] - WARNING: "GET /static/js/hs_base/lottie-player.js.map HTTP/1.1" 404 1717
2024-01-30 20:47:41,237 - basehttp.py\log_message[line:154] - WARNING: "GET /static/js/scripts/90.min.js HTTP/1.1" 404 1684
2024-01-30 20:47:41,242 - basehttp.py\log_message[line:154] - WARNING: "GET /static/js/scripts/747.min.js HTTP/1.1" 404 1687
2024-01-30 20:47:58,428 - basehttp.py\log_message[line:154] - INFO: "POST /account/login/ HTTP/1.1" 302 0
2024-01-30 20:47:58,454 - basehttp.py\log_message[line:154] - INFO: "GET /account/login/ HTTP/1.1" 200 69461
2024-01-30 20:47:58,540 - basehttp.py\log_message[line:154] - WARNING: "GET /wp-content/languages/plugins/jetpack-zh_CN-2830d0baff716a2e4109fd6df428a8a8.json?minify=false&ver=cd1953e27d96b3ba0ce2 HTTP/1.1" 404 4667
2024-01-30 20:47:58,575 - basehttp.py\log_message[line:154] - WARNING: "GET /static/js/hs_base/lottie-player.js.map HTTP/1.1" 404 1717
2024-01-30 20:47:58,622 - basehttp.py\log_message[line:154] - WARNING: "GET /static/js/scripts/90.min.js HTTP/1.1" 404 1684
2024-01-30 20:47:58,626 - basehttp.py\log_message[line:154] - WARNING: "GET /static/js/scripts/747.min.js HTTP/1.1" 404 1687
2024-01-30 20:47:58,629 - basehttp.py\log_message[line:154] - WARNING: "GET /static/js/scripts/114.min.js HTTP/1.1" 404 1687
2024-01-30 20:49:16,242 - autoreload.py\run_with_reloader[line:597] - INFO: Watching for file changes with StatReloader
2024-01-30 20:49:20,486 - basehttp.py\log_message[line:154] - INFO: "GET /account/login/ HTTP/1.1" 200 69461
2024-01-30 20:49:20,592 - basehttp.py\log_message[line:154] - WARNING: "GET /static/js/hs_base/lottie-player.js.map HTTP/1.1" 404 1717
2024-01-30 20:49:20,598 - basehttp.py\log_message[line:154] - WARNING: "GET /wp-content/languages/plugins/jetpack-zh_CN-2830d0baff716a2e4109fd6df428a8a8.json?minify=false&ver=cd1953e27d96b3ba0ce2 HTTP/1.1" 404 4667
2024-01-30 20:49:20,618 - basehttp.py\log_message[line:154] - WARNING: "GET /static/js/scripts/90.min.js HTTP/1.1" 404 1684
2024-01-30 20:49:20,636 - basehttp.py\log_message[line:154] - WARNING: "GET /static/js/scripts/747.min.js HTTP/1.1" 404 1687
2024-01-30 20:49:20,638 - basehttp.py\log_message[line:154] - WARNING: "GET /static/js/scripts/114.min.js HTTP/1.1" 404 1687
2024-01-30 20:49:24,300 - basehttp.py\log_message[line:154] - INFO: "POST /account/login/ HTTP/1.1" 302 0
2024-01-30 20:49:24,318 - basehttp.py\log_message[line:154] - INFO: "GET /account/login/ HTTP/1.1" 200 69461
2024-01-30 20:49:24,453 - basehttp.py\log_message[line:154] - WARNING: "GET /static/js/hs_base/lottie-player.js.map HTTP/1.1" 404 1717
2024-01-30 20:49:24,459 - basehttp.py\log_message[line:154] - WARNING: "GET /wp-content/languages/plugins/jetpack-zh_CN-2830d0baff716a2e4109fd6df428a8a8.json?minify=false&ver=cd1953e27d96b3ba0ce2 HTTP/1.1" 404 4667
2024-01-30 20:49:24,490 - basehttp.py\log_message[line:154] - WARNING: "GET /static/js/scripts/114.min.js HTTP/1.1" 404 1687
2024-01-30 20:49:24,502 - basehttp.py\log_message[line:154] - WARNING: "GET /static/js/scripts/747.min.js HTTP/1.1" 404 1687
2024-01-30 20:49:24,504 - basehttp.py\log_message[line:154] - WARNING: "GET /static/js/scripts/90.min.js HTTP/1.1" 404 1684
2024-01-30 20:49:30,689 - basehttp.py\log_message[line:154] - INFO: "POST /account/login/ HTTP/1.1" 302 0
2024-01-30 20:49:30,707 - basehttp.py\log_message[line:154] - INFO: "GET /account/login/ HTTP/1.1" 200 69461
2024-01-30 20:49:30,812 - basehttp.py\log_message[line:154] - WARNING: "GET /wp-content/languages/plugins/jetpack-zh_CN-2830d0baff716a2e4109fd6df428a8a8.json?minify=false&ver=cd1953e27d96b3ba0ce2 HTTP/1.1" 404 4667
2024-01-30 20:49:30,832 - basehttp.py\log_message[line:154] - WARNING: "GET /static/js/hs_base/lottie-player.js.map HTTP/1.1" 404 1717
2024-01-30 20:49:30,846 - basehttp.py\log_message[line:154] - WARNING: "GET /static/js/scripts/747.min.js HTTP/1.1" 404 1687
2024-01-30 20:49:30,842 - basehttp.py\log_message[line:154] - WARNING: "GET /static/js/scripts/90.min.js HTTP/1.1" 404 1684
2024-01-30 20:49:30,836 - basehttp.py\log_message[line:154] - WARNING: "GET /static/js/scripts/114.min.js HTTP/1.1" 404 1687
2024-01-30 20:49:37,984 - basehttp.py\log_message[line:154] - INFO: "POST /account/login/ HTTP/1.1" 302 0
2024-01-30 20:49:38,007 - basehttp.py\log_message[line:154] - INFO: "GET /account/login/ HTTP/1.1" 200 69461
2024-01-30 20:49:38,128 - basehttp.py\log_message[line:154] - WARNING: "GET /wp-content/languages/plugins/jetpack-zh_CN-2830d0baff716a2e4109fd6df428a8a8.json?minify=false&ver=cd1953e27d96b3ba0ce2 HTTP/1.1" 404 4667
2024-01-30 20:49:38,139 - basehttp.py\log_message[line:154] - WARNING: "GET /static/js/hs_base/lottie-player.js.map HTTP/1.1" 404 1717
2024-01-30 20:49:38,169 - basehttp.py\log_message[line:154] - WARNING: "GET /static/js/scripts/114.min.js HTTP/1.1" 404 1687
2024-01-30 20:49:38,167 - basehttp.py\log_message[line:154] - WARNING: "GET /static/js/scripts/90.min.js HTTP/1.1" 404 1684
2024-01-30 20:49:38,173 - basehttp.py\log_message[line:154] - WARNING: "GET /static/js/scripts/747.min.js HTTP/1.1" 404 1687
2024-01-30 20:50:41,889 - basehttp.py\log_message[line:154] - INFO: "POST /account/login/ HTTP/1.1" 302 0
2024-01-30 20:50:41,913 - basehttp.py\log_message[line:154] - INFO: "GET /account/login/ HTTP/1.1" 200 69461
2024-01-30 20:50:42,043 - basehttp.py\log_message[line:154] - WARNING: "GET /wp-content/languages/plugins/jetpack-zh_CN-2830d0baff716a2e4109fd6df428a8a8.json?minify=false&ver=cd1953e27d96b3ba0ce2 HTTP/1.1" 404 4667
2024-01-30 20:50:42,054 - basehttp.py\log_message[line:154] - WARNING: "GET /static/js/scripts/90.min.js HTTP/1.1" 404 1684
2024-01-30 20:50:42,059 - basehttp.py\log_message[line:154] - WARNING: "GET /static/js/hs_base/lottie-player.js.map HTTP/1.1" 404 1717
2024-01-30 20:50:42,067 - basehttp.py\log_message[line:154] - WARNING: "GET /static/js/scripts/114.min.js HTTP/1.1" 404 1687
2024-01-30 20:50:42,077 - basehttp.py\log_message[line:154] - WARNING: "GET /static/js/scripts/747.min.js HTTP/1.1" 404 1687
2024-01-30 20:50:46,830 - basehttp.py\log_message[line:154] - INFO: "POST /account/login/ HTTP/1.1" 302 0
2024-01-30 20:50:46,853 - basehttp.py\log_message[line:154] - INFO: "GET /account/login/ HTTP/1.1" 200 69461
2024-01-30 20:50:46,941 - basehttp.py\log_message[line:154] - WARNING: "GET /wp-content/languages/plugins/jetpack-zh_CN-2830d0baff716a2e4109fd6df428a8a8.json?minify=false&ver=cd1953e27d96b3ba0ce2 HTTP/1.1" 404 4667
2024-01-30 20:50:46,973 - basehttp.py\log_message[line:154] - WARNING: "GET /static/js/hs_base/lottie-player.js.map HTTP/1.1" 404 1717
2024-01-30 20:50:46,977 - basehttp.py\log_message[line:154] - WARNING: "GET /static/js/scripts/114.min.js HTTP/1.1" 404 1687
2024-01-30 20:50:46,986 - basehttp.py\log_message[line:154] - WARNING: "GET /static/js/scripts/90.min.js HTTP/1.1" 404 1684
2024-01-30 20:50:46,997 - basehttp.py\log_message[line:154] - WARNING: "GET /static/js/scripts/747.min.js HTTP/1.1" 404 1687
2024-01-30 20:50:55,607 - autoreload.py\run_with_reloader[line:597] - INFO: Watching for file changes with StatReloader
2024-01-30 20:51:00,440 - basehttp.py\log_message[line:154] - INFO: "POST /account/login/ HTTP/1.1" 302 0
2024-01-30 20:51:00,462 - basehttp.py\log_message[line:154] - INFO: "GET /account/login/ HTTP/1.1" 200 69461
2024-01-30 20:51:00,559 - basehttp.py\log_message[line:154] - WARNING: "GET /static/js/hs_base/lottie-player.js.map HTTP/1.1" 404 1717
2024-01-30 20:51:00,590 - basehttp.py\log_message[line:154] - WARNING: "GET /wp-content/languages/plugins/jetpack-zh_CN-2830d0baff716a2e4109fd6df428a8a8.json?minify=false&ver=cd1953e27d96b3ba0ce2 HTTP/1.1" 404 4667
2024-01-30 20:51:00,592 - basehttp.py\log_message[line:154] - WARNING: "GET /static/js/scripts/90.min.js HTTP/1.1" 404 1684
2024-01-30 20:51:00,594 - basehttp.py\log_message[line:154] - WARNING: "GET /static/js/scripts/114.min.js HTTP/1.1" 404 1687
2024-01-30 20:51:00,606 - basehttp.py\log_message[line:154] - WARNING: "GET /static/js/scripts/747.min.js HTTP/1.1" 404 1687
2024-01-30 20:53:31,850 - autoreload.py\run_with_reloader[line:597] - INFO: Watching for file changes with StatReloader
2024-01-30 20:53:42,574 - basehttp.py\log_message[line:154] - INFO: "GET /account/login/ HTTP/1.1" 200 69461
2024-01-30 20:53:42,759 - basehttp.py\log_message[line:154] - WARNING: "GET /static/css/images/chinese-regulatory-logo.43806866.png HTTP/1.1" 404 1765
2024-01-30 20:53:42,770 - basehttp.py\log_message[line:154] - WARNING: "GET /static/js/hs_base/lottie-player.js.map HTTP/1.1" 404 1717
2024-01-30 20:53:42,789 - basehttp.py\log_message[line:154] - WARNING: "GET /wp-content/languages/plugins/jetpack-zh_CN-2830d0baff716a2e4109fd6df428a8a8.json?minify=false&ver=cd1953e27d96b3ba0ce2 HTTP/1.1" 404 4667
2024-01-30 20:53:42,832 - basehttp.py\log_message[line:154] - WARNING: "GET /static/js/scripts/114.min.js HTTP/1.1" 404 1687
2024-01-30 20:53:42,837 - basehttp.py\log_message[line:154] - WARNING: "GET /static/js/scripts/747.min.js HTTP/1.1" 404 1687
2024-01-30 20:53:42,844 - basehttp.py\log_message[line:154] - WARNING: "GET /static/js/scripts/90.min.js HTTP/1.1" 404 1684
2024-01-30 20:53:43,000 - basehttp.py\log_message[line:154] - WARNING: "GET /wp-content/uploads/sites/9/2023/11/01-%E7%BB%BF%E8%89%B2-RGB.svg HTTP/1.1" 404 4553
2024-01-30 20:53:45,125 - basehttp.py\log_message[line:154] - INFO: "POST /account/login/ HTTP/1.1" 302 0
2024-01-30 20:53:45,145 - basehttp.py\log_message[line:154] - INFO: "GET /account/login/ HTTP/1.1" 200 69461
2024-01-30 20:53:45,274 - basehttp.py\log_message[line:154] - WARNING: "GET /wp-content/languages/plugins/jetpack-zh_CN-2830d0baff716a2e4109fd6df428a8a8.json?minify=false&ver=cd1953e27d96b3ba0ce2 HTTP/1.1" 404 4667
2024-01-30 20:53:45,289 - basehttp.py\log_message[line:154] - WARNING: "GET /static/js/hs_base/lottie-player.js.map HTTP/1.1" 404 1717
2024-01-30 20:53:45,294 - basehttp.py\log_message[line:154] - WARNING: "GET /static/js/scripts/90.min.js HTTP/1.1" 404 1684
2024-01-30 20:53:45,297 - basehttp.py\log_message[line:154] - WARNING: "GET /static/js/scripts/114.min.js HTTP/1.1" 404 1687
2024-01-30 20:53:45,309 - basehttp.py\log_message[line:154] - WARNING: "GET /static/js/scripts/747.min.js HTTP/1.1" 404 1687
2024-01-30 20:54:03,730 - basehttp.py\log_message[line:154] - INFO: "GET /account/login/ HTTP/1.1" 200 69461
2024-01-30 20:54:03,830 - basehttp.py\log_message[line:154] - WARNING: "GET /wp-content/languages/plugins/jetpack-zh_CN-2830d0baff716a2e4109fd6df428a8a8.json?minify=false&ver=cd1953e27d96b3ba0ce2 HTTP/1.1" 404 4667
2024-01-30 20:54:03,837 - basehttp.py\log_message[line:154] - WARNING: "GET /static/js/hs_base/lottie-player.js.map HTTP/1.1" 404 1717
2024-01-30 20:54:03,857 - basehttp.py\log_message[line:154] - WARNING: "GET /static/js/scripts/747.min.js HTTP/1.1" 404 1687
2024-01-30 20:54:03,875 - basehttp.py\log_message[line:154] - WARNING: "GET /static/js/scripts/114.min.js HTTP/1.1" 404 1687
2024-01-30 20:54:03,896 - basehttp.py\log_message[line:154] - WARNING: "GET /static/js/scripts/90.min.js HTTP/1.1" 404 1684
2024-01-30 20:54:15,923 - basehttp.py\log_message[line:154] - INFO: "POST /account/login/ HTTP/1.1" 302 0
2024-01-30 20:54:15,968 - basehttp.py\log_message[line:154] - INFO: "GET /account/login/ HTTP/1.1" 200 69461
2024-01-30 20:54:16,092 - basehttp.py\log_message[line:154] - WARNING: "GET /wp-content/languages/plugins/jetpack-zh_CN-2830d0baff716a2e4109fd6df428a8a8.json?minify=false&ver=cd1953e27d96b3ba0ce2 HTTP/1.1" 404 4667
2024-01-30 20:54:16,119 - basehttp.py\log_message[line:154] - WARNING: "GET /static/js/hs_base/lottie-player.js.map HTTP/1.1" 404 1717
2024-01-30 20:54:16,187 - basehttp.py\log_message[line:154] - WARNING: "GET /static/js/scripts/114.min.js HTTP/1.1" 404 1687
2024-01-30 20:54:16,198 - basehttp.py\log_message[line:154] - WARNING: "GET /static/js/scripts/747.min.js HTTP/1.1" 404 1687
2024-01-30 20:54:16,223 - basehttp.py\log_message[line:154] - WARNING: "GET /static/js/scripts/90.min.js HTTP/1.1" 404 1684
2024-01-30 20:57:19,333 - autoreload.py\run_with_reloader[line:597] - INFO: Watching for file changes with StatReloader
2024-01-30 20:57:24,874 - views.py\get[line:33] - WARNING: gettest！
2024-01-30 20:57:25,048 - basehttp.py\log_message[line:154] - ERROR: "GET /account/login/ HTTP/1.1" 500 329428
2024-01-30 20:57:25,233 - basehttp.py\log_message[line:154] - WARNING: "GET /favicon.ico HTTP/1.1" 404 4418
2024-01-30 20:58:22,974 - basehttp.py\log_message[line:154] - ERROR: "GET / HTTP/1.1" 500 204396
2024-01-30 21:02:42,653 - basehttp.py\log_message[line:154] - ERROR: "GET / HTTP/1.1" 500 204766
2024-01-30 21:12:40,089 - basehttp.py\log_message[line:154] - ERROR: "GET / HTTP/1.1" 500 204564
2024-01-30 21:15:36,842 - basehttp.py\log_message[line:154] - INFO: "GET / HTTP/1.1" 200 85420
2024-01-30 21:15:37,061 - basehttp.py\log_message[line:154] - WARNING: "GET /static/css/images/chinese-regulatory-logo.43806866.png HTTP/1.1" 404 1765
2024-01-30 21:15:37,270 - basehttp.py\log_message[line:154] - WARNING: "GET /wp-content/languages/plugins/jetpack-zh_CN-2830d0baff716a2e4109fd6df428a8a8.json?minify=false&ver=cd1953e27d96b3ba0ce2 HTTP/1.1" 404 4667
2024-01-30 21:15:37,305 - basehttp.py\log_message[line:154] - WARNING: "GET /static/js/scripts/90.min.js HTTP/1.1" 404 1684
2024-01-30 21:15:37,309 - basehttp.py\log_message[line:154] - WARNING: "GET /static/js/hs_base/lottie-player.js.map HTTP/1.1" 404 1717
2024-01-30 21:15:37,322 - basehttp.py\log_message[line:154] - WARNING: "GET /static/js/scripts/114.min.js HTTP/1.1" 404 1687
2024-01-30 21:15:37,333 - basehttp.py\log_message[line:154] - WARNING: "GET /static/js/scripts/747.min.js HTTP/1.1" 404 1687
2024-01-30 21:15:44,073 - basehttp.py\log_message[line:154] - INFO: "GET /hs/cn_about_us?lang=cn HTTP/1.1" 200 70992
2024-01-30 21:15:44,229 - basehttp.py\log_message[line:154] - WARNING: "GET /wp-content/languages/plugins/jetpack-zh_CN-2830d0baff716a2e4109fd6df428a8a8.json?minify=false&ver=cd1953e27d96b3ba0ce2 HTTP/1.1" 404 4667
2024-01-30 21:15:44,260 - basehttp.py\log_message[line:154] - WARNING: "GET /static/js/hs_base/lottie-player.js.map HTTP/1.1" 404 1717
2024-01-30 21:15:44,266 - basehttp.py\log_message[line:154] - WARNING: "GET /static/js/scripts/747.min.js HTTP/1.1" 404 1687
2024-01-30 21:15:44,273 - basehttp.py\log_message[line:154] - WARNING: "GET /static/js/scripts/90.min.js HTTP/1.1" 404 1684
2024-01-30 21:15:44,277 - basehttp.py\log_message[line:154] - WARNING: "GET /static/js/scripts/114.min.js HTTP/1.1" 404 1687
2024-01-30 21:15:46,918 - views.py\get[line:33] - WARNING: gettest！
2024-01-30 21:15:46,953 - basehttp.py\log_message[line:154] - INFO: "GET /account/login/ HTTP/1.1" 200 72070
2024-01-30 21:15:47,035 - basehttp.py\log_message[line:154] - WARNING: "GET /static/js/hs_base/lottie-player.js.map HTTP/1.1" 404 1717
2024-01-30 21:15:47,063 - basehttp.py\log_message[line:154] - WARNING: "GET /wp-content/languages/plugins/jetpack-zh_CN-2830d0baff716a2e4109fd6df428a8a8.json?minify=false&ver=cd1953e27d96b3ba0ce2 HTTP/1.1" 404 4667
2024-01-30 21:15:47,105 - basehttp.py\log_message[line:154] - WARNING: "GET /static/js/scripts/114.min.js HTTP/1.1" 404 1687
2024-01-30 21:15:47,116 - basehttp.py\log_message[line:154] - WARNING: "GET /static/js/scripts/747.min.js HTTP/1.1" 404 1687
2024-01-30 21:15:47,124 - basehttp.py\log_message[line:154] - WARNING: "GET /static/js/scripts/90.min.js HTTP/1.1" 404 1684
2024-01-30 21:16:11,770 - views.py\post[line:38] - WARNING: post test！
2024-01-30 21:16:11,869 - views.py\post[line:46] - INFO: post info 17703186690
2024-01-30 21:16:11,878 - basehttp.py\log_message[line:154] - INFO: "POST /account/login/ HTTP/1.1" 302 0
2024-01-30 21:16:11,886 - views.py\get[line:33] - WARNING: gettest！
2024-01-30 21:16:11,906 - basehttp.py\log_message[line:154] - INFO: "GET /account/login/ HTTP/1.1" 200 69924
2024-01-30 21:16:11,983 - basehttp.py\log_message[line:154] - WARNING: "GET /static/js/hs_base/lottie-player.js.map HTTP/1.1" 404 1717
2024-01-30 21:16:12,024 - basehttp.py\log_message[line:154] - WARNING: "GET /wp-content/languages/plugins/jetpack-zh_CN-2830d0baff716a2e4109fd6df428a8a8.json?minify=false&ver=cd1953e27d96b3ba0ce2 HTTP/1.1" 404 4667
2024-01-30 21:16:12,159 - basehttp.py\log_message[line:154] - WARNING: "GET /static/js/scripts/90.min.js HTTP/1.1" 404 1684
2024-01-30 21:16:12,166 - basehttp.py\log_message[line:154] - WARNING: "GET /static/js/scripts/114.min.js HTTP/1.1" 404 1687
2024-01-30 21:16:12,167 - basehttp.py\log_message[line:154] - WARNING: "GET /static/js/scripts/747.min.js HTTP/1.1" 404 1687
2024-01-30 21:24:59,539 - views.py\get[line:33] - WARNING: gettest！
2024-01-30 21:24:59,569 - basehttp.py\log_message[line:154] - INFO: "GET /account/login/ HTTP/1.1" 200 69686
2024-01-30 21:24:59,735 - basehttp.py\log_message[line:154] - WARNING: "GET /static/js/hs_base/lottie-player.js.map HTTP/1.1" 404 1717
2024-01-30 21:24:59,741 - basehttp.py\log_message[line:154] - WARNING: "GET /wp-content/languages/plugins/jetpack-zh_CN-2830d0baff716a2e4109fd6df428a8a8.json?minify=false&ver=cd1953e27d96b3ba0ce2 HTTP/1.1" 404 4667
2024-01-30 21:24:59,769 - basehttp.py\log_message[line:154] - WARNING: "GET /static/js/scripts/114.min.js HTTP/1.1" 404 1687
2024-01-30 21:24:59,773 - basehttp.py\log_message[line:154] - WARNING: "GET /static/js/scripts/90.min.js HTTP/1.1" 404 1684
2024-01-30 21:24:59,778 - basehttp.py\log_message[line:154] - WARNING: "GET /static/js/scripts/747.min.js HTTP/1.1" 404 1687
2024-01-30 21:25:02,446 - basehttp.py\log_message[line:154] - INFO: "GET / HTTP/1.1" 200 85420
2024-01-30 21:25:02,654 - basehttp.py\log_message[line:154] - WARNING: "GET /static/js/hs_base/lottie-player.js.map HTTP/1.1" 404 1717
2024-01-30 21:25:02,671 - basehttp.py\log_message[line:154] - WARNING: "GET /static/js/scripts/90.min.js HTTP/1.1" 404 1684
2024-01-30 21:25:02,756 - basehttp.py\log_message[line:154] - WARNING: "GET /static/js/scripts/114.min.js HTTP/1.1" 404 1687
2024-01-30 21:25:02,757 - basehttp.py\log_message[line:154] - WARNING: "GET /static/js/scripts/747.min.js HTTP/1.1" 404 1687
2024-01-30 21:25:02,767 - basehttp.py\log_message[line:154] - WARNING: "GET /wp-content/languages/plugins/jetpack-zh_CN-2830d0baff716a2e4109fd6df428a8a8.json?minify=false&ver=cd1953e27d96b3ba0ce2 HTTP/1.1" 404 4667
2024-01-30 21:25:06,412 - basehttp.py\log_message[line:154] - INFO: "GET /hs/search?page=1&search=a&type=post&subtype=founder%2Ccompany%2Cteam-member%2Cpost&_fields=ID%2Cpost_title%2Cpost_type%2Cpermalink%2Cthumbnail%2Cacf.companies%2Cmeta.title%2Cacf.post_author_profile%2Cterms.role%2Cterms.category%2Cterms.sector&per_subtype=6 HTTP/1.1" 200 64
2024-01-30 21:25:06,638 - basehttp.py\log_message[line:154] - INFO: "GET /hs/search?page=1&search=aaa&type=post&subtype=founder%2Ccompany%2Cteam-member%2Cpost&_fields=ID%2Cpost_title%2Cpost_type%2Cpermalink%2Cthumbnail%2Cacf.companies%2Cmeta.title%2Cacf.post_author_profile%2Cterms.role%2Cterms.category%2Cterms.sector&per_subtype=6 HTTP/1.1" 200 64
2024-01-30 21:25:15,469 - basehttp.py\log_message[line:154] - INFO: "GET /hs/search?page=1&search=%E7%81%AB%E7%BA%BF&type=post&subtype=founder%2Ccompany%2Cteam-member%2Cpost&_fields=ID%2Cpost_title%2Cpost_type%2Cpermalink%2Cthumbnail%2Cacf.companies%2Cmeta.title%2Cacf.post_author_profile%2Cterms.role%2Cterms.category%2Cterms.sector&per_subtype=6 HTTP/1.1" 200 64
2024-02-03 17:29:48,094 - autoreload.py\run_with_reloader[line:597] - INFO: Watching for file changes with StatReloader
2024-02-03 17:33:52,861 - autoreload.py\run_with_reloader[line:597] - INFO: Watching for file changes with StatReloader
2024-02-03 17:57:24,187 - basehttp.py\log_message[line:154] - INFO: "GET / HTTP/1.1" 200 85420
2024-02-03 17:57:24,234 - basehttp.py\log_message[line:154] - INFO: "GET /static/css/hs_base/theme-styles.min.css HTTP/1.1" 304 0
2024-02-03 17:57:24,238 - basehttp.py\log_message[line:154] - INFO: "GET /static/js/hs_base/i18n.min.js HTTP/1.1" 304 0
2024-02-03 17:57:24,239 - basehttp.py\log_message[line:154] - INFO: "GET /static/js/hs_base/wp-polyfill-inert.min.js HTTP/1.1" 304 0
2024-02-03 17:57:24,241 - basehttp.py\log_message[line:154] - INFO: "GET /static/js/hs_base/wp-polyfill.min.js HTTP/1.1" 304 0
2024-02-03 17:57:24,241 - basehttp.py\log_message[line:154] - INFO: "GET /static/js/hs_base/regenerator-runtime.min.js HTTP/1.1" 304 0
2024-02-03 17:57:24,241 - basehttp.py\log_message[line:154] - INFO: "GET /static/js/hs_base/hooks.min.js HTTP/1.1" 304 0
2024-02-03 17:57:24,251 - basehttp.py\log_message[line:154] - INFO: "GET /static/js/hs_base/i18n-loader.js HTTP/1.1" 304 0
2024-02-03 17:57:24,274 - basehttp.py\log_message[line:154] - INFO: "GET /static/js/hs_base/html-entities.min.js HTTP/1.1" 304 0
2024-02-03 17:57:24,289 - basehttp.py\log_message[line:154] - INFO: "GET /static/js/hs_base/url.min.js HTTP/1.1" 304 0
2024-02-03 17:57:24,305 - basehttp.py\log_message[line:154] - INFO: "GET /static/js/hs_base/main.min.js HTTP/1.1" 200 278603
2024-02-03 17:57:24,308 - basehttp.py\log_message[line:154] - INFO: "GET /static/js/hs_base/jp-search.js HTTP/1.1" 304 0
2024-02-03 17:57:24,313 - basehttp.py\log_message[line:154] - INFO: "GET /static/js/hs_base/w.js HTTP/1.1" 304 0
2024-02-03 17:57:24,323 - basehttp.py\log_message[line:154] - INFO: "GET /static/js/hs_base/jquery.min.js HTTP/1.1" 304 0
2024-02-03 17:57:24,327 - basehttp.py\log_message[line:154] - INFO: "GET /static/js/hs_base/lodash.min.js HTTP/1.1" 304 0
2024-02-03 17:57:24,345 - basehttp.py\log_message[line:154] - INFO: "GET /static/js/hs_base/lottie-player.js HTTP/1.1" 304 0
2024-02-03 17:57:24,354 - basehttp.py\log_message[line:154] - INFO: "GET /static/js/hs_base/e-202347.js HTTP/1.1" 304 0
2024-02-03 17:57:24,574 - basehttp.py\log_message[line:154] - WARNING: "GET /static/js/scripts/90.min.js HTTP/1.1" 404 1684
2024-02-03 17:57:24,642 - basehttp.py\log_message[line:154] - WARNING: "GET /wp-content/languages/plugins/jetpack-zh_CN-2830d0baff716a2e4109fd6df428a8a8.json?minify=false&ver=cd1953e27d96b3ba0ce2 HTTP/1.1" 404 4667
2024-02-03 17:57:24,673 - basehttp.py\log_message[line:154] - WARNING: "GET /static/css/images/chinese-regulatory-logo.43806866.png HTTP/1.1" 404 1765
2024-02-03 17:57:24,709 - basehttp.py\log_message[line:154] - WARNING: "GET /static/js/scripts/747.min.js HTTP/1.1" 404 1687
2024-02-03 17:57:24,718 - basehttp.py\log_message[line:154] - WARNING: "GET /static/js/scripts/114.min.js HTTP/1.1" 404 1687
2024-02-03 17:57:26,367 - views.py\get[line:33] - WARNING: gettest！
2024-02-03 17:57:26,403 - basehttp.py\log_message[line:154] - INFO: "GET /account/login/ HTTP/1.1" 200 69686
2024-02-03 17:57:26,470 - basehttp.py\log_message[line:154] - WARNING: "GET /wp-content/languages/plugins/jetpack-zh_CN-2830d0baff716a2e4109fd6df428a8a8.json?minify=false&ver=cd1953e27d96b3ba0ce2 HTTP/1.1" 404 4667
2024-02-03 17:57:26,495 - basehttp.py\log_message[line:154] - WARNING: "GET /static/js/scripts/114.min.js HTTP/1.1" 404 1687
2024-02-03 17:57:26,507 - basehttp.py\log_message[line:154] - WARNING: "GET /static/js/scripts/747.min.js HTTP/1.1" 404 1687
2024-02-03 17:57:26,513 - basehttp.py\log_message[line:154] - WARNING: "GET /static/js/scripts/90.min.js HTTP/1.1" 404 1684
2024-02-03 17:57:33,589 - basehttp.py\log_message[line:154] - INFO: "GET /hs/cn_about_us?lang= HTTP/1.1" 200 70990
2024-02-03 17:57:33,661 - basehttp.py\log_message[line:154] - WARNING: "GET /wp-content/languages/plugins/jetpack-zh_CN-2830d0baff716a2e4109fd6df428a8a8.json?minify=false&ver=cd1953e27d96b3ba0ce2 HTTP/1.1" 404 4667
2024-02-03 17:57:33,690 - basehttp.py\log_message[line:154] - WARNING: "GET /static/js/scripts/747.min.js HTTP/1.1" 404 1687
2024-02-03 17:57:33,690 - basehttp.py\log_message[line:154] - WARNING: "GET /static/js/scripts/114.min.js HTTP/1.1" 404 1687
2024-02-03 17:57:33,695 - basehttp.py\log_message[line:154] - WARNING: "GET /static/js/scripts/90.min.js HTTP/1.1" 404 1684
2024-02-03 17:57:39,021 - basehttp.py\log_message[line:154] - WARNING: "GET /cms/news_list/ HTTP/1.1" 404 1708
2024-02-03 17:57:40,081 - basehttp.py\log_message[line:154] - WARNING: "GET /cms/news_list/ HTTP/1.1" 404 1708
2024-02-03 17:57:59,681 - basehttp.py\log_message[line:154] - INFO: "GET / HTTP/1.1" 200 85420
2024-02-03 17:57:59,783 - basehttp.py\log_message[line:154] - WARNING: "GET /wp-content/languages/plugins/jetpack-zh_CN-2830d0baff716a2e4109fd6df428a8a8.json?minify=false&ver=cd1953e27d96b3ba0ce2 HTTP/1.1" 404 4667
2024-02-03 17:57:59,790 - basehttp.py\log_message[line:154] - WARNING: "GET /static/js/scripts/114.min.js HTTP/1.1" 404 1687
2024-02-03 17:57:59,796 - basehttp.py\log_message[line:154] - WARNING: "GET /static/js/scripts/90.min.js HTTP/1.1" 404 1684
2024-02-03 17:57:59,809 - basehttp.py\log_message[line:154] - WARNING: "GET /static/js/scripts/747.min.js HTTP/1.1" 404 1687
2024-02-03 17:58:05,359 - basehttp.py\log_message[line:154] - INFO: "GET /hs/search?page=1&search=bei&type=post&subtype=founder%2Ccompany%2Cteam-member%2Cpost&_fields=ID%2Cpost_title%2Cpost_type%2Cpermalink%2Cthumbnail%2Cacf.companies%2Cmeta.title%2Cacf.post_author_profile%2Cterms.role%2Cterms.category%2Cterms.sector&per_subtype=6 HTTP/1.1" 200 1762
2024-02-03 17:58:07,715 - basehttp.py\log_message[line:154] - INFO: "GET /hs/search?page=1&search=%E5%8C%97%E4%BA%AC&type=post&subtype=founder%2Ccompany%2Cteam-member%2Cpost&_fields=ID%2Cpost_title%2Cpost_type%2Cpermalink%2Cthumbnail%2Cacf.companies%2Cmeta.title%2Cacf.post_author_profile%2Cterms.role%2Cterms.category%2Cterms.sector&per_subtype=6 HTTP/1.1" 200 1820
2024-02-03 17:58:07,861 - basehttp.py\log_message[line:154] - INFO: "GET /hs/search?page=1&search=b&type=post&subtype=founder%2Ccompany%2Cteam-member%2Cpost&_fields=ID%2Cpost_title%2Cpost_type%2Cpermalink%2Cthumbnail%2Cacf.companies%2Cmeta.title%2Cacf.post_author_profile%2Cterms.role%2Cterms.category%2Cterms.sector&per_subtype=6 HTTP/1.1" 200 1685
2024-02-03 17:58:10,607 - basehttp.py\log_message[line:154] - ERROR: "GET /company/W331NCE6/overview HTTP/1.1" 500 249863
2024-02-03 18:00:58,695 - autoreload.py\trigger_reload[line:217] - INFO: /app/apps/company/views.py changed, reloading.
2024-02-03 18:01:01,524 - autoreload.py\run_with_reloader[line:597] - INFO: Watching for file changes with StatReloader
2024-02-03 18:01:19,472 - autoreload.py\trigger_reload[line:217] - INFO: /app/apps/company/views.py changed, reloading.
2024-02-03 18:01:21,030 - autoreload.py\run_with_reloader[line:597] - INFO: Watching for file changes with StatReloader
2024-02-03 18:01:24,638 - basehttp.py\log_message[line:154] - INFO: "GET /company/W331NCE6/overview HTTP/1.1" 200 95837
2024-02-03 18:01:24,682 - basehttp.py\log_message[line:154] - INFO: "GET /static/xn_source/commons.8c690d35.chunk.css HTTP/1.1" 304 0
2024-02-03 18:01:24,683 - basehttp.py\log_message[line:154] - INFO: "GET /static/js/hs_base/main.min.js HTTP/1.1" 304 0
2024-02-03 18:01:24,686 - basehttp.py\log_message[line:154] - INFO: "GET /static/xn_source/tag.png HTTP/1.1" 304 0
2024-02-03 18:01:24,689 - basehttp.py\log_message[line:154] - INFO: "GET /static/xn_source/styles.83a6ee69.chunk.css HTTP/1.1" 304 0
2024-02-03 18:01:24,722 - basehttp.py\log_message[line:154] - INFO: "GET /static/xn_source/webpack-a2610b762163b80c7162.js HTTP/1.1" 304 0
2024-02-03 18:01:24,736 - basehttp.py\log_message[line:154] - INFO: "GET /static/xn_source/styles.6a1db4369d416f25b059.js HTTP/1.1" 304 0
2024-02-03 18:01:24,743 - basehttp.py\log_message[line:154] - INFO: "GET /static/xn_source/_app.js HTTP/1.1" 304 0
2024-02-03 18:01:24,752 - basehttp.py\log_message[line:154] - WARNING: "GET /static/xn_source/xn_source/main-689bf5a4d9521d9d1a79.js HTTP/1.1" 404 1768
2024-02-03 18:01:24,757 - basehttp.py\log_message[line:154] - INFO: "GET /static/xn_source/_error.js HTTP/1.1" 304 0
2024-02-03 18:01:25,710 - basehttp.py\log_message[line:154] - INFO: "GET /static/xn_source/commons.e206d497c0aa2852c2e8.js HTTP/1.1" 200 707741
2024-02-03 18:01:26,191 - basehttp.py\log_message[line:154] - WARNING: "GET /wp-content/languages/plugins/jetpack-zh_CN-2830d0baff716a2e4109fd6df428a8a8.json?minify=false&ver=cd1953e27d96b3ba0ce2 HTTP/1.1" 404 4667
2024-02-03 18:01:26,258 - basehttp.py\log_message[line:154] - WARNING: "GET /static/js/scripts/114.min.js HTTP/1.1" 404 1687
2024-02-03 18:01:26,259 - basehttp.py\log_message[line:154] - WARNING: "GET /static/css/images/chinese-regulatory-logo.43806866.png HTTP/1.1" 404 1765
2024-02-03 18:01:26,481 - basehttp.py\log_message[line:154] - WARNING: "GET /static/js/scripts/747.min.js HTTP/1.1" 404 1687
2024-02-03 18:01:26,521 - basehttp.py\log_message[line:154] - INFO: "GET /static/xn_source/detail-company.js HTTP/1.1" 200 1546352
2024-02-03 18:01:26,534 - basehttp.py\log_message[line:154] - WARNING: "GET /static/js/scripts/90.min.js HTTP/1.1" 404 1684
2024-02-03 18:01:32,931 - basehttp.py\log_message[line:154] - INFO: "GET /company/W331NCE6/overview HTTP/1.1" 200 95837
2024-02-03 18:01:32,968 - basehttp.py\log_message[line:154] - WARNING: "GET /static/xn_source/xn_source/main-689bf5a4d9521d9d1a79.js HTTP/1.1" 404 1768
2024-02-03 18:01:33,000 - basehttp.py\log_message[line:154] - WARNING: "GET /wp-content/languages/plugins/jetpack-zh_CN-2830d0baff716a2e4109fd6df428a8a8.json?minify=false&ver=cd1953e27d96b3ba0ce2 HTTP/1.1" 404 4667
2024-02-03 18:01:33,024 - basehttp.py\log_message[line:154] - WARNING: "GET /static/js/scripts/747.min.js HTTP/1.1" 404 1687
2024-02-03 18:01:33,034 - basehttp.py\log_message[line:154] - WARNING: "GET /static/js/scripts/114.min.js HTTP/1.1" 404 1687
2024-02-03 18:01:33,040 - basehttp.py\log_message[line:154] - WARNING: "GET /static/js/scripts/90.min.js HTTP/1.1" 404 1684
2024-02-03 18:02:03,964 - basehttp.py\log_message[line:154] - INFO: "GET /hs/search?page=1&search=%E5%8C%97%E4%BA%AC&type=post&subtype=founder%2Ccompany%2Cteam-member%2Cpost&_fields=ID%2Cpost_title%2Cpost_type%2Cpermalink%2Cthumbnail%2Cacf.companies%2Cmeta.title%2Cacf.post_author_profile%2Cterms.role%2Cterms.category%2Cterms.sector&per_subtype=6 HTTP/1.1" 200 1820
2024-02-03 18:02:07,763 - basehttp.py\log_message[line:154] - ERROR: "GET /company/bjlshkjThunderstone/overview HTTP/1.1" 500 257715
2024-02-03 18:02:48,004 - autoreload.py\trigger_reload[line:217] - INFO: /app/apps/company/models.py changed, reloading.
2024-02-03 18:02:51,250 - autoreload.py\run_with_reloader[line:597] - INFO: Watching for file changes with StatReloader
2024-02-03 18:03:01,955 - autoreload.py\trigger_reload[line:217] - INFO: /app/apps/company/models.py changed, reloading.
2024-02-03 18:03:04,436 - autoreload.py\run_with_reloader[line:597] - INFO: Watching for file changes with StatReloader
2024-02-03 18:03:22,530 - basehttp.py\log_message[line:154] - INFO: "GET /company/bjlshkjThunderstone/overview HTTP/1.1" 200 96377
2024-02-03 18:03:22,601 - basehttp.py\log_message[line:154] - INFO: "GET /static/css/hs_base/theme-styles.min.css HTTP/1.1" 304 0
2024-02-03 18:03:22,755 - basehttp.py\log_message[line:154] - INFO: "GET /static/js/hs_base/main.min.js HTTP/1.1" 304 0
2024-02-03 18:03:22,839 - basehttp.py\log_message[line:154] - WARNING: "GET /static/xn_source/xn_source/main-689bf5a4d9521d9d1a79.js HTTP/1.1" 404 1768
2024-02-03 18:03:22,944 - basehttp.py\log_message[line:154] - WARNING: "GET /static/css/images/chinese-regulatory-logo.43806866.png HTTP/1.1" 404 1765
2024-02-03 18:03:23,272 - basehttp.py\log_message[line:154] - WARNING: "GET /static/js/scripts/90.min.js HTTP/1.1" 404 1684
2024-02-03 18:03:23,315 - basehttp.py\log_message[line:154] - WARNING: "GET /static/js/scripts/114.min.js HTTP/1.1" 404 1687
2024-02-03 18:03:23,315 - basehttp.py\log_message[line:154] - WARNING: "GET /static/js/hs_base/lottie-player.js.map HTTP/1.1" 404 1717
2024-02-03 18:03:23,323 - basehttp.py\log_message[line:154] - WARNING: "GET /static/js/scripts/747.min.js HTTP/1.1" 404 1687
2024-02-03 18:03:23,387 - basehttp.py\log_message[line:154] - WARNING: "GET /wp-content/languages/plugins/jetpack-zh_CN-2830d0baff716a2e4109fd6df428a8a8.json?minify=false&ver=cd1953e27d96b3ba0ce2 HTTP/1.1" 404 4667
2024-02-03 18:03:28,819 - basehttp.py\log_message[line:154] - WARNING: "GET /static/js/hs_base/lottie-player.js.map HTTP/1.1" 404 1717
2024-02-03 18:03:28,838 - basehttp.py\log_message[line:154] - WARNING: "GET /static/js/hs_base/lottie-player.js.map HTTP/1.1" 404 1717
2024-02-03 18:03:28,860 - basehttp.py\log_message[line:154] - WARNING: "GET /static/js/hs_base/lottie-player.js.map HTTP/1.1" 404 1717
2024-02-03 18:03:31,852 - basehttp.py\log_message[line:154] - ERROR: "GET /company/W331NCE6/overview HTTP/1.1" 500 249886
2024-02-03 18:03:52,571 - basehttp.py\log_message[line:154] - INFO: "GET /company/W331NCE6/overview HTTP/1.1" 200 95837
2024-02-03 18:03:52,869 - basehttp.py\log_message[line:154] - WARNING: "GET /static/xn_source/xn_source/main-689bf5a4d9521d9d1a79.js HTTP/1.1" 404 1768
2024-02-03 18:03:53,101 - basehttp.py\log_message[line:154] - WARNING: "GET /static/js/hs_base/lottie-player.js.map HTTP/1.1" 404 1717
2024-02-03 18:03:53,111 - basehttp.py\log_message[line:154] - WARNING: "GET /static/js/scripts/114.min.js HTTP/1.1" 404 1687
2024-02-03 18:03:53,181 - basehttp.py\log_message[line:154] - WARNING: "GET /wp-content/languages/plugins/jetpack-zh_CN-2830d0baff716a2e4109fd6df428a8a8.json?minify=false&ver=cd1953e27d96b3ba0ce2 HTTP/1.1" 404 4667
2024-02-03 18:03:53,189 - basehttp.py\log_message[line:154] - WARNING: "GET /static/js/scripts/90.min.js HTTP/1.1" 404 1684
2024-02-03 18:03:53,192 - basehttp.py\log_message[line:154] - WARNING: "GET /static/js/scripts/747.min.js HTTP/1.1" 404 1687
2024-02-03 18:03:54,655 - basehttp.py\log_message[line:154] - WARNING: "GET /static/js/hs_base/lottie-player.js.map HTTP/1.1" 404 1717
2024-02-03 18:03:54,672 - basehttp.py\log_message[line:154] - WARNING: "GET /static/js/hs_base/lottie-player.js.map HTTP/1.1" 404 1717
2024-02-03 18:03:54,694 - basehttp.py\log_message[line:154] - WARNING: "GET /static/js/hs_base/lottie-player.js.map HTTP/1.1" 404 1717
2024-02-03 18:04:09,305 - basehttp.py\log_message[line:154] - INFO: "GET /company/W331NCE6/overview HTTP/1.1" 200 110885
2024-02-03 18:04:09,493 - basehttp.py\log_message[line:154] - WARNING: "GET /static/xn_source/xn_source/main-689bf5a4d9521d9d1a79.js HTTP/1.1" 404 1768
2024-02-03 18:04:09,626 - basehttp.py\log_message[line:154] - WARNING: "GET /static/js/hs_base/lottie-player.js.map HTTP/1.1" 404 1717
2024-02-03 18:04:09,647 - basehttp.py\log_message[line:154] - WARNING: "GET /wp-content/languages/plugins/jetpack-zh_CN-2830d0baff716a2e4109fd6df428a8a8.json?minify=false&ver=cd1953e27d96b3ba0ce2 HTTP/1.1" 404 4667
2024-02-03 18:04:09,652 - basehttp.py\log_message[line:154] - WARNING: "GET /static/js/scripts/90.min.js HTTP/1.1" 404 1684
2024-02-03 18:04:09,679 - basehttp.py\log_message[line:154] - WARNING: "GET /static/js/scripts/114.min.js HTTP/1.1" 404 1687
2024-02-03 18:04:09,717 - basehttp.py\log_message[line:154] - WARNING: "GET /static/js/scripts/747.min.js HTTP/1.1" 404 1687
2024-02-03 18:04:18,833 - basehttp.py\log_message[line:154] - INFO: "GET /company/W331NCE6/overview HTTP/1.1" 200 110885
2024-02-03 18:04:18,972 - basehttp.py\log_message[line:154] - WARNING: "GET /static/xn_source/xn_source/main-689bf5a4d9521d9d1a79.js HTTP/1.1" 404 1768
2024-02-03 18:04:19,071 - basehttp.py\log_message[line:154] - WARNING: "GET /static/js/hs_base/lottie-player.js.map HTTP/1.1" 404 1717
2024-02-03 18:04:19,125 - basehttp.py\log_message[line:154] - WARNING: "GET /wp-content/languages/plugins/jetpack-zh_CN-2830d0baff716a2e4109fd6df428a8a8.json?minify=false&ver=cd1953e27d96b3ba0ce2 HTTP/1.1" 404 4667
2024-02-03 18:04:19,152 - basehttp.py\log_message[line:154] - WARNING: "GET /static/js/scripts/114.min.js HTTP/1.1" 404 1687
2024-02-03 18:04:19,156 - basehttp.py\log_message[line:154] - WARNING: "GET /static/js/scripts/90.min.js HTTP/1.1" 404 1684
2024-02-03 18:04:19,160 - basehttp.py\log_message[line:154] - WARNING: "GET /static/js/scripts/747.min.js HTTP/1.1" 404 1687
2024-02-03 18:04:21,538 - basehttp.py\log_message[line:154] - INFO: "GET /hs/cn_about_us?lang=cn HTTP/1.1" 200 70992
2024-02-03 18:04:21,657 - basehttp.py\log_message[line:154] - WARNING: "GET /wp-content/languages/plugins/jetpack-zh_CN-2830d0baff716a2e4109fd6df428a8a8.json?minify=false&ver=cd1953e27d96b3ba0ce2 HTTP/1.1" 404 4667
2024-02-03 18:04:21,720 - basehttp.py\log_message[line:154] - WARNING: "GET /static/js/hs_base/lottie-player.js.map HTTP/1.1" 404 1717
2024-02-03 18:04:21,740 - basehttp.py\log_message[line:154] - WARNING: "GET /static/js/scripts/114.min.js HTTP/1.1" 404 1687
2024-02-03 18:04:21,746 - basehttp.py\log_message[line:154] - WARNING: "GET /static/js/scripts/747.min.js HTTP/1.1" 404 1687
2024-02-03 18:04:21,742 - basehttp.py\log_message[line:154] - WARNING: "GET /static/js/scripts/90.min.js HTTP/1.1" 404 1684
2024-02-03 18:04:22,859 - views.py\get[line:33] - WARNING: gettest！
2024-02-03 18:04:22,895 - basehttp.py\log_message[line:154] - INFO: "GET /account/login/ HTTP/1.1" 200 69686
2024-02-03 18:04:23,035 - basehttp.py\log_message[line:154] - WARNING: "GET /wp-content/languages/plugins/jetpack-zh_CN-2830d0baff716a2e4109fd6df428a8a8.json?minify=false&ver=cd1953e27d96b3ba0ce2 HTTP/1.1" 404 4667
2024-02-03 18:04:23,041 - basehttp.py\log_message[line:154] - WARNING: "GET /static/js/hs_base/lottie-player.js.map HTTP/1.1" 404 1717
2024-02-03 18:04:23,048 - basehttp.py\log_message[line:154] - WARNING: "GET /static/js/scripts/114.min.js HTTP/1.1" 404 1687
2024-02-03 18:04:23,053 - basehttp.py\log_message[line:154] - WARNING: "GET /static/js/scripts/90.min.js HTTP/1.1" 404 1684
2024-02-03 18:04:23,056 - basehttp.py\log_message[line:154] - WARNING: "GET /static/js/scripts/747.min.js HTTP/1.1" 404 1687
2024-02-03 18:04:41,341 - views.py\post[line:38] - WARNING: post test！
2024-02-03 18:04:41,436 - views.py\post[line:46] - INFO: post info 17703186690
2024-02-03 18:04:41,454 - views.py\post[line:60] - INFO: 验证登录成功！
2024-02-03 18:04:41,475 - basehttp.py\log_message[line:154] - INFO: "POST /account/login/ HTTP/1.1" 302 0
2024-02-03 18:04:41,502 - basehttp.py\log_message[line:154] - INFO: "GET /cms/news_list HTTP/1.1" 301 0
2024-02-03 18:04:41,544 - views.py\get[line:116] - INFO: 用户查询了[]
2024-02-03 18:04:41,626 - basehttp.py\log_message[line:154] - INFO: "GET /cms/news_list/ HTTP/1.1" 200 15734
2024-02-03 18:04:41,701 - basehttp.py\log_message[line:154] - INFO: "GET /static/sweetalert/sweetalert.css HTTP/1.1" 304 0
2024-02-03 18:04:41,732 - basehttp.py\log_message[line:154] - INFO: "GET /static/adminlte/dist/css/AdminLTE.min.css HTTP/1.1" 304 0
2024-02-03 18:04:41,741 - basehttp.py\log_message[line:154] - INFO: "GET /static/adminlte/bower_components/font-awesome/css/font-awesome.min.css HTTP/1.1" 304 0
2024-02-03 18:04:41,744 - basehttp.py\log_message[line:154] - INFO: "GET /static/adminlte/bower_components/bootstrap-datepicker/dist/css/bootstrap-datepicker.min.css HTTP/1.1" 304 0
2024-02-03 18:04:41,744 - basehttp.py\log_message[line:154] - INFO: "GET /static/adminlte/bower_components/bootstrap/dist/css/bootstrap.min.css HTTP/1.1" 304 0
2024-02-03 18:04:41,775 - basehttp.py\log_message[line:154] - INFO: "GET /static/adminlte/bower_components/bootstrap/dist/js/bootstrap.min.js HTTP/1.1" 304 0
2024-02-03 18:04:41,776 - basehttp.py\log_message[line:154] - INFO: "GET /static/adminlte/dist/css/skins/_all-skins.min.css HTTP/1.1" 304 0
2024-02-03 18:04:41,804 - basehttp.py\log_message[line:154] - INFO: "GET /static/adminlte/bower_components/bootstrap-datepicker/dist/js/bootstrap-datepicker.js HTTP/1.1" 304 0
2024-02-03 18:04:41,814 - basehttp.py\log_message[line:154] - INFO: "GET /static/adminlte/dist/js/adminlte.min.js HTTP/1.1" 304 0
2024-02-03 18:04:41,822 - basehttp.py\log_message[line:154] - INFO: "GET /static/js/cms_base.js HTTP/1.1" 304 0
2024-02-03 18:04:41,838 - basehttp.py\log_message[line:154] - INFO: "GET /static/sweetalert/xfzalert.js HTTP/1.1" 304 0
2024-02-03 18:04:41,864 - basehttp.py\log_message[line:154] - INFO: "GET /static/sweetalert/sweetalert.min.js HTTP/1.1" 304 0
2024-02-03 18:04:41,888 - basehttp.py\log_message[line:154] - INFO: "GET /static/js/cms_news_list.js HTTP/1.1" 304 0
2024-02-03 18:04:41,889 - basehttp.py\log_message[line:154] - INFO: "GET /static/adminlte/bower_components/jquery/dist/jquery.min.js HTTP/1.1" 304 0
2024-02-03 18:04:41,973 - basehttp.py\log_message[line:154] - INFO: "GET /static/adminlte/bower_components/bootstrap-datepicker/dist/locales/bootstrap-datepicker.zh-CN.min.js HTTP/1.1" 304 0
2024-02-03 18:04:42,158 - basehttp.py\log_message[line:154] - INFO: "GET /static/adminlte/bower_components/font-awesome/fonts/fontawesome-webfont.woff2?v=4.7.0 HTTP/1.1" 304 0
2024-02-03 18:04:42,382 - basehttp.py\log_message[line:154] - INFO: "GET /static/adminlte/bower_components/bootstrap/dist/css/bootstrap.min.css.map HTTP/1.1" 200 542194
2024-02-03 18:04:52,947 - basehttp.py\log_message[line:154] - INFO: "GET /cms/edit_news/?pk=6&lang=en HTTP/1.1" 200 58266
2024-02-03 18:04:53,012 - basehttp.py\log_message[line:154] - INFO: "GET /static/ueditor/ueditor.config.js HTTP/1.1" 304 0
2024-02-03 18:04:53,012 - basehttp.py\log_message[line:154] - INFO: "GET /static/js/writ_news.js HTTP/1.1" 304 0
2024-02-03 18:04:53,187 - basehttp.py\log_message[line:154] - INFO: "GET /static/ueditor/ueditor.all.min.js HTTP/1.1" 200 383120
2024-02-03 18:04:53,283 - basehttp.py\log_message[line:154] - INFO: "GET /static/ueditor/themes/default/css/ueditor.css HTTP/1.1" 304 0
2024-02-03 18:04:53,283 - basehttp.py\log_message[line:154] - INFO: "GET /static/ueditor/lang/zh-cn/zh-cn.js HTTP/1.1" 304 0
2024-02-03 18:04:53,361 - basehttp.py\log_message[line:154] - INFO: "GET /ueditor/upload/?action=config&&noCache=1706954693244 HTTP/1.1" 200 2686
2024-02-03 18:04:53,371 - basehttp.py\log_message[line:154] - INFO: "GET /static/ueditor/themes/default/images/charts.png HTTP/1.1" 304 0
2024-02-03 18:04:53,388 - basehttp.py\log_message[line:154] - INFO: "GET /static/ueditor/themes/default/images/icons.png HTTP/1.1" 304 0
2024-02-03 18:04:53,391 - basehttp.py\log_message[line:154] - INFO: "GET /static/ueditor/themes/iframe.css HTTP/1.1" 304 0
2024-02-03 18:04:53,391 - basehttp.py\log_message[line:154] - INFO: "GET /static/ueditor/themes/default/images/scale.png HTTP/1.1" 304 0
2024-02-03 18:04:53,478 - basehttp.py\log_message[line:154] - INFO: "GET /static/ueditor/third-party/codemirror/codemirror.css HTTP/1.1" 304 0
2024-02-03 18:04:53,478 - basehttp.py\log_message[line:154] - INFO: "GET /static/ueditor/third-party/codemirror/codemirror.js HTTP/1.1" 304 0
2024-02-03 18:04:53,479 - basehttp.py\log_message[line:154] - INFO: "GET /static/ueditor/third-party/zeroclipboard/ZeroClipboard.js HTTP/1.1" 304 0
2024-02-03 18:05:03,046 - basehttp.py\log_message[line:154] - INFO: "GET /cms/write_news/ HTTP/1.1" 200 9992
2024-02-03 18:05:03,185 - basehttp.py\log_message[line:154] - INFO: "GET /ueditor/upload/?action=config&&noCache=1706954703150 HTTP/1.1" 200 2686
2024-02-03 18:05:04,439 - views.py\get[line:116] - INFO: 用户查询了[]
2024-02-03 18:05:04,487 - basehttp.py\log_message[line:154] - INFO: "GET /cms/news_list/ HTTP/1.1" 200 15734
2024-02-03 18:05:05,808 - basehttp.py\log_message[line:154] - INFO: "GET /cms/write_news/ HTTP/1.1" 200 9992
2024-02-03 18:05:05,892 - basehttp.py\log_message[line:154] - INFO: "GET /ueditor/upload/?action=config&&noCache=1706954705881 HTTP/1.1" 200 2686
2024-02-03 18:05:07,694 - basehttp.py\log_message[line:154] - INFO: "GET /cms/ HTTP/1.1" 200 5608
2024-02-03 18:05:13,709 - basehttp.py\log_message[line:154] - INFO: "GET / HTTP/1.1" 200 85420
2024-02-03 18:05:13,875 - basehttp.py\log_message[line:154] - WARNING: "GET /wp-content/languages/plugins/jetpack-zh_CN-2830d0baff716a2e4109fd6df428a8a8.json?minify=false&ver=cd1953e27d96b3ba0ce2 HTTP/1.1" 404 4667
2024-02-03 18:05:13,894 - basehttp.py\log_message[line:154] - WARNING: "GET /static/js/hs_base/lottie-player.js.map HTTP/1.1" 404 1717
2024-02-03 18:05:13,931 - basehttp.py\log_message[line:154] - WARNING: "GET /static/js/scripts/747.min.js HTTP/1.1" 404 1687
2024-02-03 18:05:13,950 - basehttp.py\log_message[line:154] - WARNING: "GET /static/js/scripts/90.min.js HTTP/1.1" 404 1684
2024-02-03 18:05:13,990 - basehttp.py\log_message[line:154] - WARNING: "GET /static/js/scripts/114.min.js HTTP/1.1" 404 1687
2024-02-03 18:05:16,347 - views.py\get[line:33] - WARNING: gettest！
2024-02-03 18:05:16,368 - basehttp.py\log_message[line:154] - INFO: "GET /account/login/ HTTP/1.1" 200 69686
2024-02-03 18:05:16,537 - basehttp.py\log_message[line:154] - WARNING: "GET /static/js/hs_base/lottie-player.js.map HTTP/1.1" 404 1717
2024-02-03 18:05:16,571 - basehttp.py\log_message[line:154] - WARNING: "GET /wp-content/languages/plugins/jetpack-zh_CN-2830d0baff716a2e4109fd6df428a8a8.json?minify=false&ver=cd1953e27d96b3ba0ce2 HTTP/1.1" 404 4667
2024-02-03 18:05:16,652 - basehttp.py\log_message[line:154] - WARNING: "GET /static/js/scripts/114.min.js HTTP/1.1" 404 1687
2024-02-03 18:05:16,659 - basehttp.py\log_message[line:154] - WARNING: "GET /static/js/scripts/747.min.js HTTP/1.1" 404 1687
2024-02-03 18:05:16,665 - basehttp.py\log_message[line:154] - WARNING: "GET /static/js/scripts/90.min.js HTTP/1.1" 404 1684
2024-02-03 18:05:27,648 - views.py\post[line:38] - WARNING: post test！
2024-02-03 18:05:27,708 - views.py\post[line:46] - INFO: post info 17703186690
2024-02-03 18:05:27,716 - basehttp.py\log_message[line:154] - INFO: "POST /account/login/ HTTP/1.1" 302 0
2024-02-03 18:05:27,726 - views.py\get[line:33] - WARNING: gettest！
2024-02-03 18:05:27,745 - basehttp.py\log_message[line:154] - INFO: "GET /account/login/ HTTP/1.1" 200 69924
2024-02-03 18:05:28,017 - basehttp.py\log_message[line:154] - WARNING: "GET /wp-content/languages/plugins/jetpack-zh_CN-2830d0baff716a2e4109fd6df428a8a8.json?minify=false&ver=cd1953e27d96b3ba0ce2 HTTP/1.1" 404 4667
2024-02-03 18:05:28,085 - basehttp.py\log_message[line:154] - WARNING: "GET /static/js/scripts/90.min.js HTTP/1.1" 404 1684
2024-02-03 18:05:28,102 - basehttp.py\log_message[line:154] - WARNING: "GET /static/js/scripts/747.min.js HTTP/1.1" 404 1687
2024-02-03 18:05:28,112 - basehttp.py\log_message[line:154] - WARNING: "GET /static/js/hs_base/lottie-player.js.map HTTP/1.1" 404 1717
2024-02-03 18:05:28,225 - basehttp.py\log_message[line:154] - WARNING: "GET /static/js/scripts/114.min.js HTTP/1.1" 404 1687
