1:C 16 Dec 2023 08:40:05.123 # oO0OoO0OoO0Oo Redis is starting oO0OoO0OoO0Oo
1:C 16 Dec 2023 08:40:05.126 # Redis version=6.2.14, bits=64, commit=00000000, modified=0, pid=1, just started
1:C 16 Dec 2023 08:40:05.130 # Configuration loaded
1:M 16 Dec 2023 08:40:05.133 * monotonic clock: POSIX clock_gettime
1:M 16 Dec 2023 08:40:05.137 * Running mode=standalone, port=6379.
1:M 16 Dec 2023 08:40:05.140 # Server initialized
1:M 16 Dec 2023 08:40:05.145 * Ready to accept connections
1:signal-handler (1702716330) Received SIGTERM scheduling shutdown...
1:M 16 Dec 2023 08:45:30.346 # User requested shutdown...
1:M 16 Dec 2023 08:45:30.350 * Saving the final RDB snapshot before exiting.
1:M 16 Dec 2023 08:45:30.358 * DB saved on disk
1:M 16 Dec 2023 08:45:30.362 # Redis is now ready to exit, bye bye...
1:C 16 Dec 2023 08:45:33.027 # oO0OoO0OoO0Oo Redis is starting oO0OoO0OoO0Oo
1:C 16 Dec 2023 08:45:33.033 # Redis version=6.2.14, bits=64, commit=00000000, modified=0, pid=1, just started
1:C 16 Dec 2023 08:45:33.038 # Configuration loaded
1:M 16 Dec 2023 08:45:33.044 * monotonic clock: POSIX clock_gettime
1:M 16 Dec 2023 08:45:33.057 * Running mode=standalone, port=6379.
1:M 16 Dec 2023 08:45:33.062 # Server initialized
1:M 16 Dec 2023 08:45:33.077 * Loading RDB produced by version 6.2.14
1:M 16 Dec 2023 08:45:33.081 * RDB age 3 seconds
1:M 16 Dec 2023 08:45:33.084 * RDB memory usage when created 0.83 Mb
1:M 16 Dec 2023 08:45:33.086 # Done loading RDB, keys loaded: 0, keys expired: 0.
1:M 16 Dec 2023 08:45:33.089 * DB loaded from disk: 0.019 seconds
1:M 16 Dec 2023 08:45:33.092 * Ready to accept connections
1:M 16 Dec 2023 08:50:34.070 * 10 changes in 300 seconds. Saving...
1:M 16 Dec 2023 08:50:34.076 * Background saving started by pid 22
22:C 16 Dec 2023 08:50:34.088 * DB saved on disk
22:C 16 Dec 2023 08:50:34.091 * RDB: 0 MB of memory used by copy-on-write
1:M 16 Dec 2023 08:50:34.190 * Background saving terminated with success
1:M 16 Dec 2023 08:55:35.028 * 10 changes in 300 seconds. Saving...
1:M 16 Dec 2023 08:55:35.034 * Background saving started by pid 23
23:C 16 Dec 2023 08:55:35.055 * DB saved on disk
23:C 16 Dec 2023 08:55:35.059 * RDB: 0 MB of memory used by copy-on-write
1:M 16 Dec 2023 08:55:35.140 * Background saving terminated with success
1:M 16 Dec 2023 09:00:36.095 * 10 changes in 300 seconds. Saving...
1:M 16 Dec 2023 09:00:36.102 * Background saving started by pid 24
24:C 16 Dec 2023 09:00:36.118 * DB saved on disk
24:C 16 Dec 2023 09:00:36.121 * RDB: 0 MB of memory used by copy-on-write
1:M 16 Dec 2023 09:00:36.208 * Background saving terminated with success
1:M 16 Dec 2023 09:05:37.088 * 10 changes in 300 seconds. Saving...
1:M 16 Dec 2023 09:05:37.093 * Background saving started by pid 25
25:C 16 Dec 2023 09:05:37.113 * DB saved on disk
25:C 16 Dec 2023 09:05:37.115 * RDB: 0 MB of memory used by copy-on-write
1:M 16 Dec 2023 09:05:37.196 * Background saving terminated with success
1:M 16 Dec 2023 09:10:38.043 * 10 changes in 300 seconds. Saving...
1:M 16 Dec 2023 09:10:38.052 * Background saving started by pid 26
26:C 16 Dec 2023 09:10:38.072 * DB saved on disk
26:C 16 Dec 2023 09:10:38.075 * RDB: 0 MB of memory used by copy-on-write
1:M 16 Dec 2023 09:10:38.157 * Background saving terminated with success
1:M 16 Dec 2023 09:15:39.048 * 10 changes in 300 seconds. Saving...
1:M 16 Dec 2023 09:15:39.052 * Background saving started by pid 27
27:C 16 Dec 2023 09:15:39.084 * DB saved on disk
27:C 16 Dec 2023 09:15:39.086 * RDB: 0 MB of memory used by copy-on-write
1:M 16 Dec 2023 09:15:39.156 * Background saving terminated with success
1:M 16 Dec 2023 09:20:40.014 * 10 changes in 300 seconds. Saving...
1:M 16 Dec 2023 09:20:40.029 * Background saving started by pid 28
28:C 16 Dec 2023 09:20:40.080 * DB saved on disk
28:C 16 Dec 2023 09:20:40.083 * RDB: 0 MB of memory used by copy-on-write
1:M 16 Dec 2023 09:20:40.134 * Background saving terminated with success
1:M 16 Dec 2023 09:38:08.642 * 1 changes in 900 seconds. Saving...
1:M 16 Dec 2023 09:38:08.647 * Background saving started by pid 29
29:C 16 Dec 2023 09:38:08.681 * DB saved on disk
29:C 16 Dec 2023 09:38:08.686 * RDB: 0 MB of memory used by copy-on-write
1:M 16 Dec 2023 09:38:08.755 * Background saving terminated with success
1:M 16 Dec 2023 10:29:26.588 * 1 changes in 900 seconds. Saving...
1:M 16 Dec 2023 10:29:26.591 * Background saving started by pid 30
30:C 16 Dec 2023 10:29:26.623 * DB saved on disk
30:C 16 Dec 2023 10:29:26.625 * RDB: 0 MB of memory used by copy-on-write
1:M 16 Dec 2023 10:29:26.701 * Background saving terminated with success
1:M 16 Dec 2023 11:50:44.713 * 1 changes in 900 seconds. Saving...
1:M 16 Dec 2023 11:50:44.718 * Background saving started by pid 31
31:C 16 Dec 2023 11:50:44.757 * DB saved on disk
31:C 16 Dec 2023 11:50:44.759 * RDB: 0 MB of memory used by copy-on-write
1:M 16 Dec 2023 11:50:44.826 * Background saving terminated with success
1:M 16 Dec 2023 13:14:52.536 * 1 changes in 900 seconds. Saving...
1:M 16 Dec 2023 13:14:52.543 * Background saving started by pid 32
32:C 16 Dec 2023 13:14:52.577 * DB saved on disk
32:C 16 Dec 2023 13:14:52.580 * RDB: 0 MB of memory used by copy-on-write
1:M 16 Dec 2023 13:14:52.657 * Background saving terminated with success
1:M 16 Dec 2023 14:36:11.340 * 1 changes in 900 seconds. Saving...
1:M 16 Dec 2023 14:36:11.354 * Background saving started by pid 33
33:C 16 Dec 2023 14:36:11.386 * DB saved on disk
33:C 16 Dec 2023 14:36:11.388 * RDB: 0 MB of memory used by copy-on-write
1:M 16 Dec 2023 14:36:11.458 * Background saving terminated with success
1:M 16 Dec 2023 15:41:34.421 * 1 changes in 900 seconds. Saving...
1:M 16 Dec 2023 15:41:34.429 * Background saving started by pid 34
34:C 16 Dec 2023 15:41:34.470 * DB saved on disk
34:C 16 Dec 2023 15:41:34.472 * RDB: 0 MB of memory used by copy-on-write
1:M 16 Dec 2023 15:41:34.533 * Background saving terminated with success
1:M 16 Dec 2023 16:48:31.432 * 1 changes in 900 seconds. Saving...
1:M 16 Dec 2023 16:48:31.434 * Background saving started by pid 35
35:C 16 Dec 2023 16:48:31.467 * DB saved on disk
35:C 16 Dec 2023 16:48:31.470 * RDB: 0 MB of memory used by copy-on-write
1:M 16 Dec 2023 16:48:31.548 * Background saving terminated with success
1:M 16 Dec 2023 18:08:46.186 * 1 changes in 900 seconds. Saving...
1:M 16 Dec 2023 18:08:46.308 * Background saving started by pid 36
36:C 16 Dec 2023 18:08:46.359 * DB saved on disk
36:C 16 Dec 2023 18:08:46.361 * RDB: 0 MB of memory used by copy-on-write
1:M 16 Dec 2023 18:08:46.414 * Background saving terminated with success
1:M 16 Dec 2023 19:13:32.712 * 1 changes in 900 seconds. Saving...
1:M 16 Dec 2023 19:13:32.723 * Background saving started by pid 37
37:C 16 Dec 2023 19:13:32.788 * DB saved on disk
37:C 16 Dec 2023 19:13:32.790 * RDB: 0 MB of memory used by copy-on-write
1:M 16 Dec 2023 19:13:32.843 * Background saving terminated with success
1:M 16 Dec 2023 19:29:42.529 * 1 changes in 900 seconds. Saving...
1:M 16 Dec 2023 19:29:42.532 * Background saving started by pid 38
38:C 16 Dec 2023 19:29:42.567 * DB saved on disk
38:C 16 Dec 2023 19:29:42.571 * RDB: 0 MB of memory used by copy-on-write
1:M 16 Dec 2023 19:29:42.635 * Background saving terminated with success
1:M 16 Dec 2023 20:53:06.349 * 1 changes in 900 seconds. Saving...
1:M 16 Dec 2023 20:53:06.356 * Background saving started by pid 39
39:C 16 Dec 2023 20:53:06.389 * DB saved on disk
39:C 16 Dec 2023 20:53:06.392 * RDB: 0 MB of memory used by copy-on-write
1:M 16 Dec 2023 20:53:06.459 * Background saving terminated with success
1:M 16 Dec 2023 22:23:25.256 * 1 changes in 900 seconds. Saving...
1:M 16 Dec 2023 22:23:25.259 * Background saving started by pid 40
40:C 16 Dec 2023 22:23:25.294 * DB saved on disk
40:C 16 Dec 2023 22:23:25.297 * RDB: 0 MB of memory used by copy-on-write
1:M 16 Dec 2023 22:23:25.363 * Background saving terminated with success
1:M 16 Dec 2023 23:48:57.119 * 1 changes in 900 seconds. Saving...
1:M 16 Dec 2023 23:48:57.137 * Background saving started by pid 41
41:C 16 Dec 2023 23:48:57.192 * DB saved on disk
41:C 16 Dec 2023 23:48:57.195 * RDB: 0 MB of memory used by copy-on-write
1:M 16 Dec 2023 23:48:57.242 * Background saving terminated with success
1:M 17 Dec 2023 01:12:24.676 * 1 changes in 900 seconds. Saving...
1:M 17 Dec 2023 01:12:24.698 * Background saving started by pid 42
42:C 17 Dec 2023 01:12:24.753 * DB saved on disk
42:C 17 Dec 2023 01:12:24.756 * RDB: 0 MB of memory used by copy-on-write
1:M 17 Dec 2023 01:12:24.808 * Background saving terminated with success
1:M 17 Dec 2023 02:52:24.934 * 1 changes in 900 seconds. Saving...
1:M 17 Dec 2023 02:52:24.939 * Background saving started by pid 43
43:C 17 Dec 2023 02:52:25.056 * DB saved on disk
43:C 17 Dec 2023 02:52:25.063 * RDB: 0 MB of memory used by copy-on-write
1:M 17 Dec 2023 02:52:25.151 * Background saving terminated with success
1:M 17 Dec 2023 04:11:08.867 * 1 changes in 900 seconds. Saving...
1:M 17 Dec 2023 04:11:08.881 * Background saving started by pid 44
44:C 17 Dec 2023 04:11:08.944 * DB saved on disk
44:C 17 Dec 2023 04:11:08.946 * RDB: 0 MB of memory used by copy-on-write
1:M 17 Dec 2023 04:11:08.989 * Background saving terminated with success
1:M 17 Dec 2023 05:47:31.439 * 1 changes in 900 seconds. Saving...
1:M 17 Dec 2023 05:47:31.448 * Background saving started by pid 45
45:C 17 Dec 2023 05:47:31.505 * DB saved on disk
45:C 17 Dec 2023 05:47:31.507 * RDB: 0 MB of memory used by copy-on-write
1:M 17 Dec 2023 05:47:31.553 * Background saving terminated with success
1:M 17 Dec 2023 07:13:10.414 * 1 changes in 900 seconds. Saving...
1:M 17 Dec 2023 07:13:10.425 * Background saving started by pid 46
46:C 17 Dec 2023 07:13:10.483 * DB saved on disk
46:C 17 Dec 2023 07:13:10.485 * RDB: 0 MB of memory used by copy-on-write
1:M 17 Dec 2023 07:13:10.537 * Background saving terminated with success
1:M 17 Dec 2023 08:53:01.024 * 1 changes in 900 seconds. Saving...
1:M 17 Dec 2023 08:53:01.033 * Background saving started by pid 47
47:C 17 Dec 2023 08:53:01.082 * DB saved on disk
47:C 17 Dec 2023 08:53:01.084 * RDB: 0 MB of memory used by copy-on-write
1:M 17 Dec 2023 08:53:01.139 * Background saving terminated with success
1:M 17 Dec 2023 10:14:01.015 * 1 changes in 900 seconds. Saving...
1:M 17 Dec 2023 10:14:01.025 * Background saving started by pid 48
48:C 17 Dec 2023 10:14:01.050 * DB saved on disk
48:C 17 Dec 2023 10:14:01.055 * RDB: 0 MB of memory used by copy-on-write
1:M 17 Dec 2023 10:14:01.130 * Background saving terminated with success
1:M 17 Dec 2023 11:57:43.824 * 1 changes in 900 seconds. Saving...
1:M 17 Dec 2023 11:57:43.831 * Background saving started by pid 49
49:C 17 Dec 2023 11:57:43.864 * DB saved on disk
49:C 17 Dec 2023 11:57:43.868 * RDB: 0 MB of memory used by copy-on-write
1:M 17 Dec 2023 11:57:43.940 * Background saving terminated with success
1:M 17 Dec 2023 13:20:18.942 * 1 changes in 900 seconds. Saving...
1:M 17 Dec 2023 13:20:18.954 * Background saving started by pid 50
50:C 17 Dec 2023 13:20:18.984 * DB saved on disk
50:C 17 Dec 2023 13:20:18.989 * RDB: 0 MB of memory used by copy-on-write
1:M 17 Dec 2023 13:20:19.063 * Background saving terminated with success
1:M 17 Dec 2023 15:03:46.269 * 1 changes in 900 seconds. Saving...
1:M 17 Dec 2023 15:03:46.277 * Background saving started by pid 51
51:C 17 Dec 2023 15:03:46.308 * DB saved on disk
51:C 17 Dec 2023 15:03:46.313 * RDB: 0 MB of memory used by copy-on-write
1:M 17 Dec 2023 15:03:46.387 * Background saving terminated with success
1:M 17 Dec 2023 16:27:56.080 * 1 changes in 900 seconds. Saving...
1:M 17 Dec 2023 16:27:56.083 * Background saving started by pid 52
52:C 17 Dec 2023 16:27:56.099 * DB saved on disk
52:C 17 Dec 2023 16:27:56.102 * RDB: 0 MB of memory used by copy-on-write
1:M 17 Dec 2023 16:27:56.196 * Background saving terminated with success
1:M 17 Dec 2023 18:09:03.599 * 1 changes in 900 seconds. Saving...
1:M 17 Dec 2023 18:09:03.615 * Background saving started by pid 53
53:C 17 Dec 2023 18:09:03.633 * DB saved on disk
53:C 17 Dec 2023 18:09:03.636 * RDB: 0 MB of memory used by copy-on-write
1:M 17 Dec 2023 18:09:03.721 * Background saving terminated with success
1:M 17 Dec 2023 19:32:17.178 * 1 changes in 900 seconds. Saving...
1:M 17 Dec 2023 19:32:17.186 * Background saving started by pid 54
54:C 17 Dec 2023 19:32:17.221 * DB saved on disk
54:C 17 Dec 2023 19:32:17.225 * RDB: 0 MB of memory used by copy-on-write
1:M 17 Dec 2023 19:32:17.294 * Background saving terminated with success
1:M 17 Dec 2023 21:12:38.785 * 1 changes in 900 seconds. Saving...
1:M 17 Dec 2023 21:12:38.791 * Background saving started by pid 55
55:C 17 Dec 2023 21:12:38.807 * DB saved on disk
55:C 17 Dec 2023 21:12:38.810 * RDB: 0 MB of memory used by copy-on-write
1:M 17 Dec 2023 21:12:38.900 * Background saving terminated with success
1:M 17 Dec 2023 22:39:06.751 * 1 changes in 900 seconds. Saving...
1:M 17 Dec 2023 22:39:06.755 * Background saving started by pid 56
56:C 17 Dec 2023 22:39:06.769 * DB saved on disk
56:C 17 Dec 2023 22:39:06.772 * RDB: 0 MB of memory used by copy-on-write
1:M 17 Dec 2023 22:39:06.865 * Background saving terminated with success
1:M 18 Dec 2023 00:17:42.268 * 1 changes in 900 seconds. Saving...
1:M 18 Dec 2023 00:17:42.277 * Background saving started by pid 57
57:C 18 Dec 2023 00:17:42.302 * DB saved on disk
57:C 18 Dec 2023 00:17:42.306 * RDB: 0 MB of memory used by copy-on-write
1:M 18 Dec 2023 00:17:42.385 * Background saving terminated with success
1:M 18 Dec 2023 01:39:16.041 * 1 changes in 900 seconds. Saving...
1:M 18 Dec 2023 01:39:16.050 * Background saving started by pid 58
58:C 18 Dec 2023 01:39:16.077 * DB saved on disk
58:C 18 Dec 2023 01:39:16.079 * RDB: 0 MB of memory used by copy-on-write
1:M 18 Dec 2023 01:39:16.160 * Background saving terminated with success
1:M 18 Dec 2023 03:22:00.772 * 1 changes in 900 seconds. Saving...
1:M 18 Dec 2023 03:22:00.776 * Background saving started by pid 59
59:C 18 Dec 2023 03:22:00.787 * DB saved on disk
59:C 18 Dec 2023 03:22:00.790 * RDB: 0 MB of memory used by copy-on-write
1:M 18 Dec 2023 03:22:00.881 * Background saving terminated with success
1:M 18 Dec 2023 05:00:41.728 * 1 changes in 900 seconds. Saving...
1:M 18 Dec 2023 05:00:41.733 * Background saving started by pid 60
60:C 18 Dec 2023 05:00:41.747 * DB saved on disk
60:C 18 Dec 2023 05:00:41.751 * RDB: 0 MB of memory used by copy-on-write
1:M 18 Dec 2023 05:00:41.845 * Background saving terminated with success
1:M 18 Dec 2023 06:25:30.288 * 1 changes in 900 seconds. Saving...
1:M 18 Dec 2023 06:25:30.292 * Background saving started by pid 61
61:C 18 Dec 2023 06:25:30.305 * DB saved on disk
61:C 18 Dec 2023 06:25:30.307 * RDB: 0 MB of memory used by copy-on-write
1:M 18 Dec 2023 06:25:30.406 * Background saving terminated with success
1:M 18 Dec 2023 08:09:29.882 * 1 changes in 900 seconds. Saving...
1:M 18 Dec 2023 08:09:29.887 * Background saving started by pid 62
62:C 18 Dec 2023 08:09:29.913 * DB saved on disk
62:C 18 Dec 2023 08:09:29.917 * RDB: 0 MB of memory used by copy-on-write
1:M 18 Dec 2023 08:09:29.992 * Background saving terminated with success
1:M 18 Dec 2023 09:32:12.918 * 1 changes in 900 seconds. Saving...
1:M 18 Dec 2023 09:32:12.930 * Background saving started by pid 63
63:C 18 Dec 2023 09:32:13.013 * DB saved on disk
63:C 18 Dec 2023 09:32:13.016 * RDB: 0 MB of memory used by copy-on-write
1:M 18 Dec 2023 09:32:13.057 * Background saving terminated with success
1:M 18 Dec 2023 11:14:42.448 * 1 changes in 900 seconds. Saving...
1:M 18 Dec 2023 11:14:42.453 * Background saving started by pid 64
64:C 18 Dec 2023 11:14:42.468 * DB saved on disk
64:C 18 Dec 2023 11:14:42.471 * RDB: 0 MB of memory used by copy-on-write
1:M 18 Dec 2023 11:14:42.563 * Background saving terminated with success
1:M 18 Dec 2023 12:38:53.569 * 1 changes in 900 seconds. Saving...
1:M 18 Dec 2023 12:38:53.572 * Background saving started by pid 65
65:C 18 Dec 2023 12:38:53.585 * DB saved on disk
65:C 18 Dec 2023 12:38:53.587 * RDB: 0 MB of memory used by copy-on-write
1:M 18 Dec 2023 12:38:53.678 * Background saving terminated with success
1:M 18 Dec 2023 14:17:55.918 * 1 changes in 900 seconds. Saving...
1:M 18 Dec 2023 14:17:55.929 * Background saving started by pid 66
66:C 18 Dec 2023 14:17:55.952 * DB saved on disk
66:C 18 Dec 2023 14:17:55.955 * RDB: 0 MB of memory used by copy-on-write
1:M 18 Dec 2023 14:17:56.043 * Background saving terminated with success
1:M 18 Dec 2023 15:38:02.876 * 1 changes in 900 seconds. Saving...
1:M 18 Dec 2023 15:38:02.882 * Background saving started by pid 67
67:C 18 Dec 2023 15:38:02.895 * DB saved on disk
67:C 18 Dec 2023 15:38:02.897 * RDB: 0 MB of memory used by copy-on-write
1:M 18 Dec 2023 15:38:02.986 * Background saving terminated with success
1:M 18 Dec 2023 17:19:56.472 * 1 changes in 900 seconds. Saving...
1:M 18 Dec 2023 17:19:56.475 * Background saving started by pid 68
68:C 18 Dec 2023 17:19:56.488 * DB saved on disk
68:C 18 Dec 2023 17:19:56.490 * RDB: 0 MB of memory used by copy-on-write
1:M 18 Dec 2023 17:19:56.586 * Background saving terminated with success
1:M 18 Dec 2023 18:43:05.019 * 1 changes in 900 seconds. Saving...
1:M 18 Dec 2023 18:43:05.032 * Background saving started by pid 69
69:C 18 Dec 2023 18:43:05.062 * DB saved on disk
69:C 18 Dec 2023 18:43:05.067 * RDB: 0 MB of memory used by copy-on-write
1:M 18 Dec 2023 18:43:05.139 * Background saving terminated with success
1:M 18 Dec 2023 20:22:19.745 * 1 changes in 900 seconds. Saving...
1:M 18 Dec 2023 20:22:19.755 * Background saving started by pid 70
70:C 18 Dec 2023 20:22:19.784 * DB saved on disk
70:C 18 Dec 2023 20:22:19.786 * RDB: 0 MB of memory used by copy-on-write
1:M 18 Dec 2023 20:22:19.870 * Background saving terminated with success
1:M 18 Dec 2023 21:46:23.778 * 1 changes in 900 seconds. Saving...
1:M 18 Dec 2023 21:46:23.797 * Background saving started by pid 71
71:C 18 Dec 2023 21:46:23.819 * DB saved on disk
71:C 18 Dec 2023 21:46:23.823 * RDB: 0 MB of memory used by copy-on-write
1:M 18 Dec 2023 21:46:23.905 * Background saving terminated with success
1:M 18 Dec 2023 23:26:29.245 * 1 changes in 900 seconds. Saving...
1:M 18 Dec 2023 23:26:29.250 * Background saving started by pid 72
72:C 18 Dec 2023 23:26:29.266 * DB saved on disk
72:C 18 Dec 2023 23:26:29.269 * RDB: 0 MB of memory used by copy-on-write
1:M 18 Dec 2023 23:26:29.359 * Background saving terminated with success
1:M 19 Dec 2023 01:09:26.905 * 1 changes in 900 seconds. Saving...
1:M 19 Dec 2023 01:09:27.042 * Background saving started by pid 73
73:C 19 Dec 2023 01:09:27.057 * DB saved on disk
73:C 19 Dec 2023 01:09:27.060 * RDB: 0 MB of memory used by copy-on-write
1:M 19 Dec 2023 01:09:27.145 * Background saving terminated with success
1:M 19 Dec 2023 01:44:32.489 * 1 changes in 900 seconds. Saving...
1:M 19 Dec 2023 01:44:32.497 * Background saving started by pid 74
74:C 19 Dec 2023 01:44:32.525 * DB saved on disk
74:C 19 Dec 2023 01:44:32.528 * RDB: 0 MB of memory used by copy-on-write
1:M 19 Dec 2023 01:44:32.607 * Background saving terminated with success
1:M 19 Dec 2023 03:06:23.721 * 1 changes in 900 seconds. Saving...
1:M 19 Dec 2023 03:06:23.731 * Background saving started by pid 75
75:C 19 Dec 2023 03:06:23.754 * DB saved on disk
75:C 19 Dec 2023 03:06:23.758 * RDB: 0 MB of memory used by copy-on-write
1:M 19 Dec 2023 03:06:23.840 * Background saving terminated with success
1:M 19 Dec 2023 04:15:09.236 * 1 changes in 900 seconds. Saving...
1:M 19 Dec 2023 04:15:09.239 * Background saving started by pid 76
76:C 19 Dec 2023 04:15:09.253 * DB saved on disk
76:C 19 Dec 2023 04:15:09.256 * RDB: 0 MB of memory used by copy-on-write
1:M 19 Dec 2023 04:15:09.343 * Background saving terminated with success
1:M 19 Dec 2023 05:38:14.530 * 1 changes in 900 seconds. Saving...
1:M 19 Dec 2023 05:38:14.535 * Background saving started by pid 77
77:C 19 Dec 2023 05:38:14.549 * DB saved on disk
77:C 19 Dec 2023 05:38:14.552 * RDB: 0 MB of memory used by copy-on-write
1:M 19 Dec 2023 05:38:14.642 * Background saving terminated with success
1:M 19 Dec 2023 07:00:19.289 * 1 changes in 900 seconds. Saving...
1:M 19 Dec 2023 07:00:19.299 * Background saving started by pid 78
78:C 19 Dec 2023 07:00:19.327 * DB saved on disk
78:C 19 Dec 2023 07:00:19.330 * RDB: 0 MB of memory used by copy-on-write
1:M 19 Dec 2023 07:00:19.416 * Background saving terminated with success
1:M 19 Dec 2023 08:22:21.161 * 1 changes in 900 seconds. Saving...
1:M 19 Dec 2023 08:22:21.186 * Background saving started by pid 79
79:C 19 Dec 2023 08:22:21.204 * DB saved on disk
79:C 19 Dec 2023 08:22:21.207 * RDB: 0 MB of memory used by copy-on-write
1:M 19 Dec 2023 08:22:21.298 * Background saving terminated with success
1:M 19 Dec 2023 09:28:12.212 * 1 changes in 900 seconds. Saving...
1:M 19 Dec 2023 09:28:12.218 * Background saving started by pid 80
80:C 19 Dec 2023 09:28:12.233 * DB saved on disk
80:C 19 Dec 2023 09:28:12.237 * RDB: 0 MB of memory used by copy-on-write
1:M 19 Dec 2023 09:28:12.332 * Background saving terminated with success
1:M 19 Dec 2023 10:51:51.890 * 1 changes in 900 seconds. Saving...
1:M 19 Dec 2023 10:51:51.894 * Background saving started by pid 81
81:C 19 Dec 2023 10:51:51.905 * DB saved on disk
81:C 19 Dec 2023 10:51:51.907 * RDB: 0 MB of memory used by copy-on-write
1:M 19 Dec 2023 10:51:52.007 * Background saving terminated with success
1:M 19 Dec 2023 12:10:41.668 * 1 changes in 900 seconds. Saving...
1:M 19 Dec 2023 12:10:41.675 * Background saving started by pid 82
82:C 19 Dec 2023 12:10:41.690 * DB saved on disk
82:C 19 Dec 2023 12:10:41.692 * RDB: 0 MB of memory used by copy-on-write
1:M 19 Dec 2023 12:10:41.779 * Background saving terminated with success
1:M 19 Dec 2023 13:20:16.844 * 1 changes in 900 seconds. Saving...
1:M 19 Dec 2023 13:20:16.860 * Background saving started by pid 83
83:C 19 Dec 2023 13:20:16.895 * DB saved on disk
83:C 19 Dec 2023 13:20:16.902 * RDB: 0 MB of memory used by copy-on-write
1:M 19 Dec 2023 13:20:16.977 * Background saving terminated with success
1:M 19 Dec 2023 14:22:01.447 * 1 changes in 900 seconds. Saving...
1:M 19 Dec 2023 14:22:01.458 * Background saving started by pid 84
84:C 19 Dec 2023 14:22:01.489 * DB saved on disk
84:C 19 Dec 2023 14:22:01.492 * RDB: 0 MB of memory used by copy-on-write
1:M 19 Dec 2023 14:22:01.564 * Background saving terminated with success
1:M 19 Dec 2023 14:27:02.061 * 10 changes in 300 seconds. Saving...
1:M 19 Dec 2023 14:27:02.068 * Background saving started by pid 85
85:C 19 Dec 2023 14:27:02.089 * DB saved on disk
85:C 19 Dec 2023 14:27:02.092 * RDB: 0 MB of memory used by copy-on-write
1:M 19 Dec 2023 14:27:02.174 * Background saving terminated with success
